c:\users\user\desktop\纸牌游戏项目\纸牌game2\纸牌game2\debug\vc141.pdb
c:\users\user\desktop\纸牌游戏项目\纸牌game2\纸牌game2\debug\vc141.idb
c:\users\user\desktop\纸牌游戏项目\纸牌game2\纸牌game2\debug\main.obj
c:\users\user\desktop\纸牌游戏项目\纸牌game2\纸牌game2\debug\downcard.obj
c:\users\user\desktop\纸牌游戏项目\纸牌game2\纸牌game2\debug\cardsctrl.obj
c:\users\user\desktop\纸牌游戏项目\纸牌game2\纸牌game2\debug\rightcard.obj
c:\users\user\desktop\纸牌游戏项目\纸牌game2\纸牌game2\debug\leftcard.obj
c:\users\user\desktop\纸牌游戏项目\纸牌game2\debug\纸牌game2.exe
c:\users\user\desktop\纸牌游戏项目\纸牌game2\debug\纸牌game2.ilk
c:\users\user\desktop\纸牌游戏项目\纸牌game2\debug\纸牌game2.pdb
c:\users\user\desktop\纸牌游戏项目\纸牌game2\纸牌game2\debug\纸牌game2.res
c:\users\user\desktop\纸牌游戏项目\纸牌game2\纸牌game2\debug\纸牌game2.tlog\cl.command.1.tlog
c:\users\user\desktop\纸牌游戏项目\纸牌game2\纸牌game2\debug\纸牌game2.tlog\cl.read.1.tlog
c:\users\user\desktop\纸牌游戏项目\纸牌game2\纸牌game2\debug\纸牌game2.tlog\cl.write.1.tlog
c:\users\user\desktop\纸牌游戏项目\纸牌game2\纸牌game2\debug\纸牌game2.tlog\link.command.1.tlog
c:\users\user\desktop\纸牌游戏项目\纸牌game2\纸牌game2\debug\纸牌game2.tlog\link.read.1.tlog
c:\users\user\desktop\纸牌游戏项目\纸牌game2\纸牌game2\debug\纸牌game2.tlog\link.write.1.tlog
c:\users\user\desktop\纸牌游戏项目\纸牌game2\纸牌game2\debug\纸牌game2.tlog\rc.command.1.tlog
c:\users\user\desktop\纸牌游戏项目\纸牌game2\纸牌game2\debug\纸牌game2.tlog\rc.read.1.tlog
c:\users\user\desktop\纸牌游戏项目\纸牌game2\纸牌game2\debug\纸牌game2.tlog\rc.write.1.tlog
